<?xml version="1.0" encoding="UTF-8"?>
<testsuite name="com.yunbei.app.SpringBootStarterDubboApplicationTests" tests="1" skipped="0" failures="0" errors="0" timestamp="2016-06-11T13:59:37" hostname="DESKTOP-GV7952U" time="0.002">
  <properties/>
  <testcase name="contextLoads" classname="com.yunbei.app.SpringBootStarterDubboApplicationTests" time="0.002"/>
  <system-out><![CDATA[21:59:35.577 [Test worker] DEBUG org.springframework.test.context.junit4.SpringJUnit4ClassRunner - SpringJUnit4ClassRunner constructor called with [class com.yunbei.app.SpringBootStarterDubboApplicationTests]
21:59:35.582 [Test worker] DEBUG org.springframework.test.context.BootstrapUtils - Instantiating CacheAwareContextLoaderDelegate from class [org.springframework.test.context.cache.DefaultCacheAwareContextLoaderDelegate]
21:59:35.588 [Test worker] DEBUG org.springframework.test.context.BootstrapUtils - Instantiating BootstrapContext using constructor [public org.springframework.test.context.support.DefaultBootstrapContext(java.lang.Class,org.springframework.test.context.CacheAwareContextLoaderDelegate)]
21:59:35.600 [Test worker] DEBUG org.springframework.test.context.BootstrapUtils - Instantiating TestContextBootstrapper for test class [com.yunbei.app.SpringBootStarterDubboApplicationTests] from class [org.springframework.test.context.support.DefaultTestContextBootstrapper]
21:59:35.634 [Test worker] DEBUG org.springframework.test.context.support.DefaultTestContextBootstrapper - Found explicit ContextLoader class [org.springframework.boot.test.SpringApplicationContextLoader] for context configuration attributes [ContextConfigurationAttributes@157c7bf declaringClass = 'com.yunbei.app.SpringBootStarterDubboApplicationTests', classes = '{class com.yunbei.app.SpringBootStarterDubboApplication}', locations = '{}', inheritLocations = true, initializers = '{}', inheritInitializers = true, name = [null], contextLoaderClass = 'org.springframework.boot.test.SpringApplicationContextLoader']
21:59:35.648 [Test worker] DEBUG org.springframework.test.context.support.AbstractContextLoader - Did not detect default resource location for test class [com.yunbei.app.SpringBootStarterDubboApplicationTests]: class path resource [com/yunbei/app/SpringBootStarterDubboApplicationTests-context.xml] does not exist
21:59:35.648 [Test worker] DEBUG org.springframework.test.context.support.AbstractContextLoader - Did not detect default resource location for test class [com.yunbei.app.SpringBootStarterDubboApplicationTests]: class path resource [com/yunbei/app/SpringBootStarterDubboApplicationTestsContext.groovy] does not exist
21:59:35.649 [Test worker] INFO org.springframework.test.context.support.AbstractContextLoader - Could not detect default resource locations for test class [com.yunbei.app.SpringBootStarterDubboApplicationTests]: no resource found for suffixes {-context.xml, Context.groovy}.
21:59:35.651 [Test worker] DEBUG org.springframework.test.context.support.ActiveProfilesUtils - Could not find an 'annotation declaring class' for annotation type [org.springframework.test.context.ActiveProfiles] and class [com.yunbei.app.SpringBootStarterDubboApplicationTests]
21:59:35.655 [Test worker] DEBUG org.springframework.test.context.support.DefaultTestContextBootstrapper - @TestExecutionListeners is not present for class [com.yunbei.app.SpringBootStarterDubboApplicationTests]: using defaults.
21:59:35.662 [Test worker] INFO org.springframework.test.context.support.DefaultTestContextBootstrapper - Loaded default TestExecutionListener class names from location [META-INF/spring.factories]: [org.springframework.test.context.web.ServletTestExecutionListener, org.springframework.test.context.support.DirtiesContextBeforeModesTestExecutionListener, org.springframework.test.context.support.DependencyInjectionTestExecutionListener, org.springframework.test.context.support.DirtiesContextTestExecutionListener, org.springframework.test.context.transaction.TransactionalTestExecutionListener, org.springframework.test.context.jdbc.SqlScriptsTestExecutionListener]
21:59:35.667 [Test worker] INFO org.springframework.test.context.support.DefaultTestContextBootstrapper - Could not instantiate TestExecutionListener [org.springframework.test.context.jdbc.SqlScriptsTestExecutionListener]. Specify custom listener classes or make the default listener classes (and their required dependencies) available. Offending class: [org/springframework/transaction/interceptor/TransactionAttribute]
21:59:35.674 [Test worker] INFO org.springframework.test.context.support.DefaultTestContextBootstrapper - Could not instantiate TestExecutionListener [org.springframework.test.context.transaction.TransactionalTestExecutionListener]. Specify custom listener classes or make the default listener classes (and their required dependencies) available. Offending class: [org/springframework/transaction/TransactionDefinition]
21:59:35.676 [Test worker] INFO org.springframework.test.context.support.DefaultTestContextBootstrapper - Using TestExecutionListeners: [org.springframework.test.context.web.ServletTestExecutionListener@1611c24, org.springframework.test.context.support.DirtiesContextBeforeModesTestExecutionListener@7eae5a, org.springframework.test.context.support.DependencyInjectionTestExecutionListener@e8b9d7, org.springframework.test.context.support.DirtiesContextTestExecutionListener@100ffdb]
21:59:35.680 [Test worker] DEBUG org.springframework.test.annotation.ProfileValueUtils - Retrieved @ProfileValueSourceConfiguration [null] for test class [com.yunbei.app.SpringBootStarterDubboApplicationTests]
21:59:35.680 [Test worker] DEBUG org.springframework.test.annotation.ProfileValueUtils - Retrieved ProfileValueSource type [class org.springframework.test.annotation.SystemProfileValueSource] for class [com.yunbei.app.SpringBootStarterDubboApplicationTests]
21:59:35.681 [Test worker] DEBUG org.springframework.test.annotation.ProfileValueUtils - Retrieved @ProfileValueSourceConfiguration [null] for test class [com.yunbei.app.SpringBootStarterDubboApplicationTests]
21:59:35.681 [Test worker] DEBUG org.springframework.test.annotation.ProfileValueUtils - Retrieved ProfileValueSource type [class org.springframework.test.annotation.SystemProfileValueSource] for class [com.yunbei.app.SpringBootStarterDubboApplicationTests]
21:59:35.685 [Test worker] DEBUG org.springframework.test.context.support.AbstractDirtiesContextTestExecutionListener - Before test class: context [DefaultTestContext@becf73 testClass = SpringBootStarterDubboApplicationTests, testInstance = [null], testMethod = [null], testException = [null], mergedContextConfiguration = [MergedContextConfiguration@125b27c testClass = SpringBootStarterDubboApplicationTests, locations = '{}', classes = '{class com.yunbei.app.SpringBootStarterDubboApplication}', contextInitializerClasses = '[]', activeProfiles = '{}', propertySourceLocations = '{}', propertySourceProperties = '{}', contextLoader = 'org.springframework.boot.test.SpringApplicationContextLoader', parent = [null]]], class annotated with @DirtiesContext [false] with mode [null].
21:59:35.686 [Test worker] DEBUG org.springframework.test.annotation.ProfileValueUtils - Retrieved @ProfileValueSourceConfiguration [null] for test class [com.yunbei.app.SpringBootStarterDubboApplicationTests]
21:59:35.686 [Test worker] DEBUG org.springframework.test.annotation.ProfileValueUtils - Retrieved ProfileValueSource type [class org.springframework.test.annotation.SystemProfileValueSource] for class [com.yunbei.app.SpringBootStarterDubboApplicationTests]
21:59:35.688 [Test worker] DEBUG org.springframework.test.context.support.DependencyInjectionTestExecutionListener - Performing dependency injection for test context [[DefaultTestContext@becf73 testClass = SpringBootStarterDubboApplicationTests, testInstance = com.yunbei.app.SpringBootStarterDubboApplicationTests@1ef158, testMethod = [null], testException = [null], mergedContextConfiguration = [MergedContextConfiguration@125b27c testClass = SpringBootStarterDubboApplicationTests, locations = '{}', classes = '{class com.yunbei.app.SpringBootStarterDubboApplication}', contextInitializerClasses = '[]', activeProfiles = '{}', propertySourceLocations = '{}', propertySourceProperties = '{}', contextLoader = 'org.springframework.boot.test.SpringApplicationContextLoader', parent = [null]]]].
21:59:35.767 [Test worker] DEBUG org.springframework.core.env.StandardEnvironment - Adding [systemProperties] PropertySource with lowest search precedence
21:59:35.770 [Test worker] DEBUG org.springframework.core.env.StandardEnvironment - Adding [systemEnvironment] PropertySource with lowest search precedence
21:59:35.770 [Test worker] DEBUG org.springframework.core.env.StandardEnvironment - Initialized StandardEnvironment with PropertySources [systemProperties,systemEnvironment]
21:59:35.772 [Test worker] DEBUG org.springframework.core.env.StandardEnvironment - Adding [integrationTest] PropertySource with search precedence immediately lower than [systemEnvironment]

  .   ____          _            __ _ _
 /\\ / ___'_ __ _ _(_)_ __  __ _ \ \ \ \
( ( )\___ | '_ | '_| | '_ \/ _` | \ \ \ \
 \\/  ___)| |_)| | | | | || (_| |  ) ) ) )
  '  |____| .__|_| |_|_| |_\__, | / / / /
 =========|_|==============|___/=/_/_/_/
 :: Spring Boot ::        (v1.3.5.RELEASE)

2016-06-11 21:59:36.173  INFO 11004 --- [    Test worker] a.SpringBootStarterDubboApplicationTests : Starting SpringBootStarterDubboApplicationTests on DESKTOP-GV7952U with PID 11004 (D:\JavaDevelop\spring-boot\project\spring-boot-starter-dubbo\build\classes\test started by mrmin in D:\JavaDevelop\spring-boot\project\spring-boot-starter-dubbo)
2016-06-11 21:59:36.174  INFO 11004 --- [    Test worker] a.SpringBootStarterDubboApplicationTests : No active profile set, falling back to default profiles: default
2016-06-11 21:59:36.231  INFO 11004 --- [    Test worker] s.c.a.AnnotationConfigApplicationContext : Refreshing org.springframework.context.annotation.AnnotationConfigApplicationContext@daece7: startup date [Sat Jun 11 21:59:36 CST 2016]; root of context hierarchy
2016-06-11 21:59:37.053  INFO 11004 --- [    Test worker] a.SpringBootStarterDubboApplicationTests : Started SpringBootStarterDubboApplicationTests in 1.279 seconds (JVM running for 2.005)
]]></system-out>
  <system-err><![CDATA[]]></system-err>
</testsuite>
